> DB UPDATE LOG:

> STEP 1 - Querying Eurostat...

Querying deaths for age group: Y_LT5, sex: M...
Querying deaths for age group: Y_LT5, sex: F...
Querying deaths for age group: Y_LT5, sex: T...
Querying deaths for age group: Y5-9, sex: M...
Querying deaths for age group: Y5-9, sex: F...
Querying deaths for age group: Y5-9, sex: T...
Querying deaths for age group: Y10-14, sex: M...
Querying deaths for age group: Y10-14, sex: F...
Querying deaths for age group: Y10-14, sex: T...
Querying deaths for age group: Y15-19, sex: M...
Querying deaths for age group: Y15-19, sex: F...
Querying deaths for age group: Y15-19, sex: T...
Querying deaths for age group: Y20-24, sex: M...
Querying deaths for age group: Y20-24, sex: F...
Querying deaths for age group: Y20-24, sex: T...
Querying deaths for age group: Y25-29, sex: M...
Querying deaths for age group: Y25-29, sex: F...
Querying deaths for age group: Y25-29, sex: T...
Querying deaths for age group: Y30-34, sex: M...
Querying deaths for age group: Y30-34, sex: F...
Querying deaths for age group: Y30-34, sex: T...
Querying deaths for age group: Y35-39, sex: M...
Querying deaths for age group: Y35-39, sex: F...
Querying deaths for age group: Y35-39, sex: T...
Querying deaths for age group: Y40-44, sex: M...
Querying deaths for age group: Y40-44, sex: F...
Querying deaths for age group: Y40-44, sex: T...
Querying deaths for age group: Y45-49, sex: M...
Querying deaths for age group: Y45-49, sex: F...
Querying deaths for age group: Y45-49, sex: T...
Querying deaths for age group: Y50-54, sex: M...
Querying deaths for age group: Y50-54, sex: F...
Querying deaths for age group: Y50-54, sex: T...
Querying deaths for age group: Y55-59, sex: M...
Querying deaths for age group: Y55-59, sex: F...
Querying deaths for age group: Y55-59, sex: T...
Querying deaths for age group: Y60-64, sex: M...
Querying deaths for age group: Y60-64, sex: F...
Querying deaths for age group: Y60-64, sex: T...
Querying deaths for age group: Y65-69, sex: M...
Querying deaths for age group: Y65-69, sex: F...
Querying deaths for age group: Y65-69, sex: T...
Querying deaths for age group: Y70-74, sex: M...
Querying deaths for age group: Y70-74, sex: F...
Querying deaths for age group: Y70-74, sex: T...
Querying deaths for age group: Y75-79, sex: M...
Querying deaths for age group: Y75-79, sex: F...
Querying deaths for age group: Y75-79, sex: T...
Querying deaths for age group: Y80-84, sex: M...
Querying deaths for age group: Y80-84, sex: F...
Querying deaths for age group: Y80-84, sex: T...
Querying deaths for age group: Y85-89, sex: M...
Querying deaths for age group: Y85-89, sex: F...
Querying deaths for age group: Y85-89, sex: T...
Querying deaths for age group: Y_GE90, sex: M...
Querying deaths for age group: Y_GE90, sex: F...
Querying deaths for age group: Y_GE90, sex: T...

STEP 2 - Creating death dataset...
